生成启动时间为 2018/2/2 16:12:36。
     1>项目“C:\theroad2\mobanpipei\surf目标物可选\surf1.8\surf1.8.vcxproj”在节点 2 上(Build 个目标)。
     1>ClCompile:
         C:\Program Files (x86)\Microsoft Visual Studio 12.0\VC\bin\x86_amd64\CL.exe /c /I"C:\Program Files\Daheng Imavision\MER-Series\Samples\C++ SDK\inc" /Zi /nologo /W3 /WX- /Od /D WIN32 /D _WINDOWS /D _DEBUG /D _MBCS /D _AFXDLL /Gm- /EHsc /RTC1 /MDd /GS /fp:precise /Zc:wchar_t /Zc:forScope /Yc"stdafx.h" /Fp"x64\Debug\surf1.8.pch" /Fo"x64\Debug\\" /Fd"x64\Debug\vc120.pdb" /Gd /TP /errorReport:prompt stdafx.cpp
         stdafx.cpp
     1>C:\Program Files (x86)\Microsoft Visual Studio 12.0\VC\atlmfc\include\afx.h(38): warning C4996: 'MBCS_Support_Deprecated_In_MFC': MBCS support in MFC is deprecated and may be removed in a future version of MFC.
                 C:\Program Files (x86)\Microsoft Visual Studio 12.0\VC\atlmfc\include\afx.h(33) : 参见“MBCS_Support_Deprecated_In_MFC”的声明
         C:\Program Files (x86)\Microsoft Visual Studio 12.0\VC\bin\x86_amd64\CL.exe /c /I"C:\Program Files\Daheng Imavision\MER-Series\Samples\C++ SDK\inc" /Zi /nologo /W3 /WX- /Od /D WIN32 /D _WINDOWS /D _DEBUG /D _MBCS /D _AFXDLL /Gm- /EHsc /RTC1 /MDd /GS /fp:precise /Zc:wchar_t /Zc:forScope /Yu"stdafx.h" /Fp"x64\Debug\surf1.8.pch" /Fo"x64\Debug\\" /Fd"x64\Debug\vc120.pdb" /Gd /TP /errorReport:prompt CvvImage.cpp surf1.8.cpp surf1.8Dlg.cpp
         CvvImage.cpp
         surf1.8.cpp
     1>c:\opencv2.4.9\opencv\build\include\opencv2\flann\logger.h(66): warning C4996: 'fopen': This function or variable may be unsafe. Consider using fopen_s instead. To disable deprecation, use _CRT_SECURE_NO_WARNINGS. See online help for details.
                 C:\Program Files (x86)\Microsoft Visual Studio 12.0\VC\include\stdio.h(211) : 参见“fopen”的声明
         surf1.8Dlg.cpp
     1>c:\opencv2.4.9\opencv\build\include\opencv2\flann\logger.h(66): warning C4996: 'fopen': This function or variable may be unsafe. Consider using fopen_s instead. To disable deprecation, use _CRT_SECURE_NO_WARNINGS. See online help for details.
                 C:\Program Files (x86)\Microsoft Visual Studio 12.0\VC\include\stdio.h(211) : 参见“fopen”的声明
     1>surf1.8Dlg.cpp(470): warning C4267: “=”: 从“size_t”转换到“int”，可能丢失数据
         正在生成代码...
       ResourceCompile:
         C:\Program Files (x86)\Windows Kits\8.1\bin\x86\rc.exe /D _DEBUG /D _AFXDLL /l"0x0804" /Ix64\Debug\ /nologo /fo"x64\Debug\surf1.8.res" surf1.8.rc 
       Link:
         C:\Program Files (x86)\Microsoft Visual Studio 12.0\VC\bin\x86_amd64\link.exe /ERRORREPORT:PROMPT /OUT:"C:\theroad2\mobanpipei\surf目标物可选\x64\Debug\surf1.8.exe" /INCREMENTAL /NOLOGO /LIBPATH:"C:\Program Files\Daheng Imavision\MER-Series\Samples\C++ SDK\lib\x64" opencv_ml249d.lib opencv_calib3d249d.lib opencv_contrib249d.lib opencv_core249d.lib opencv_features2d249d.lib opencv_flann249d.lib opencv_gpu249d.lib opencv_highgui249d.lib opencv_imgproc249d.lib opencv_legacy249d.lib opencv_objdetect249d.lib opencv_ts249d.lib opencv_video249d.lib opencv_nonfree249d.lib opencv_ocl249d.lib opencv_photo249d.lib opencv_stitching249d.lib opencv_superres249d.lib opencv_videostab249d.lib /MANIFEST /MANIFESTUAC:"level='asInvoker' uiAccess='false'" /manifest:embed /manifestinput:"C:\Program Files (x86)\Microsoft Visual Studio 12.0\VC\Include\Manifest\dpiaware.manifest" /DEBUG /PDB:"C:\theroad2\mobanpipei\surf目标物可选\x64\Debug\surf1.8.pdb" /SUBSYSTEM:WINDOWS /TLBID:1 /DYNAMICBASE:NO /IMPLIB:"C:\theroad2\mobanpipei\surf目标物可选\x64\Debug\surf1.8.lib" /MACHINE:X64 x64\Debug\surf1.8.res
         x64\Debug\CvvImage.obj
         x64\Debug\stdafx.obj
         x64\Debug\surf1.8.obj
         x64\Debug\surf1.8Dlg.obj
         surf1.8.vcxproj -> C:\theroad2\mobanpipei\surf目标物可选\x64\Debug\surf1.8.exe
     1>已完成生成项目“C:\theroad2\mobanpipei\surf目标物可选\surf1.8\surf1.8.vcxproj”(Build 个目标)的操作。

生成成功。

已用时间 00:00:06.17
